<?xml version="1.0" encoding="UTF-8"?>
<testsuite xmlns:xsi="http://www.w3.org/2001/XMLSchema-instance" xsi:noNamespaceSchemaLocation="https://maven.apache.org/surefire/maven-surefire-plugin/xsd/surefire-test-report.xsd" name="com.hp.Day02StringbootApplicationTests" time="3.801" tests="1" errors="0" skipped="0" failures="0">
  <properties>
    <property name="sun.desktop" value="windows"/>
    <property name="awt.toolkit" value="sun.awt.windows.WToolkit"/>
    <property name="file.encoding.pkg" value="sun.io"/>
    <property name="java.specification.version" value="1.8"/>
    <property name="sun.cpu.isalist" value="amd64"/>
    <property name="sun.jnu.encoding" value="GBK"/>
    <property name="java.class.path" value="D:\IDEAWorkSpace\YunJia\day02_Stringboot\target\test-classes;D:\IDEAWorkSpace\YunJia\day02_Stringboot\target\classes;D:\maven\rep_boot\org\springframework\boot\spring-boot-devtools\2.3.0.RELEASE\spring-boot-devtools-2.3.0.RELEASE.jar;D:\maven\rep_boot\org\springframework\boot\spring-boot\2.3.0.RELEASE\spring-boot-2.3.0.RELEASE.jar;D:\maven\rep_boot\org\springframework\spring-context\5.2.6.RELEASE\spring-context-5.2.6.RELEASE.jar;D:\maven\rep_boot\org\springframework\boot\spring-boot-autoconfigure\2.3.0.RELEASE\spring-boot-autoconfigure-2.3.0.RELEASE.jar;D:\maven\rep_boot\org\springframework\boot\spring-boot-starter-web\2.3.0.RELEASE\spring-boot-starter-web-2.3.0.RELEASE.jar;D:\maven\rep_boot\org\springframework\boot\spring-boot-starter\2.3.0.RELEASE\spring-boot-starter-2.3.0.RELEASE.jar;D:\maven\rep_boot\org\springframework\boot\spring-boot-starter-logging\2.3.0.RELEASE\spring-boot-starter-logging-2.3.0.RELEASE.jar;D:\maven\rep_boot\ch\qos\logback\logback-classic\1.2.3\logback-classic-1.2.3.jar;D:\maven\rep_boot\ch\qos\logback\logback-core\1.2.3\logback-core-1.2.3.jar;D:\maven\rep_boot\org\apache\logging\log4j\log4j-to-slf4j\2.13.2\log4j-to-slf4j-2.13.2.jar;D:\maven\rep_boot\org\apache\logging\log4j\log4j-api\2.13.2\log4j-api-2.13.2.jar;D:\maven\rep_boot\org\slf4j\jul-to-slf4j\1.7.30\jul-to-slf4j-1.7.30.jar;D:\maven\rep_boot\jakarta\annotation\jakarta.annotation-api\1.3.5\jakarta.annotation-api-1.3.5.jar;D:\maven\rep_boot\org\yaml\snakeyaml\1.26\snakeyaml-1.26.jar;D:\maven\rep_boot\org\springframework\boot\spring-boot-starter-json\2.3.0.RELEASE\spring-boot-starter-json-2.3.0.RELEASE.jar;D:\maven\rep_boot\com\fasterxml\jackson\core\jackson-databind\2.11.0\jackson-databind-2.11.0.jar;D:\maven\rep_boot\com\fasterxml\jackson\core\jackson-annotations\2.11.0\jackson-annotations-2.11.0.jar;D:\maven\rep_boot\com\fasterxml\jackson\core\jackson-core\2.11.0\jackson-core-2.11.0.jar;D:\maven\rep_boot\com\fasterxml\jackson\datatype\jackson-datatype-jdk8\2.11.0\jackson-datatype-jdk8-2.11.0.jar;D:\maven\rep_boot\com\fasterxml\jackson\datatype\jackson-datatype-jsr310\2.11.0\jackson-datatype-jsr310-2.11.0.jar;D:\maven\rep_boot\com\fasterxml\jackson\module\jackson-module-parameter-names\2.11.0\jackson-module-parameter-names-2.11.0.jar;D:\maven\rep_boot\org\springframework\boot\spring-boot-starter-tomcat\2.3.0.RELEASE\spring-boot-starter-tomcat-2.3.0.RELEASE.jar;D:\maven\rep_boot\org\apache\tomcat\embed\tomcat-embed-core\9.0.35\tomcat-embed-core-9.0.35.jar;D:\maven\rep_boot\org\glassfish\jakarta.el\3.0.3\jakarta.el-3.0.3.jar;D:\maven\rep_boot\org\apache\tomcat\embed\tomcat-embed-websocket\9.0.35\tomcat-embed-websocket-9.0.35.jar;D:\maven\rep_boot\org\springframework\spring-web\5.2.6.RELEASE\spring-web-5.2.6.RELEASE.jar;D:\maven\rep_boot\org\springframework\spring-beans\5.2.6.RELEASE\spring-beans-5.2.6.RELEASE.jar;D:\maven\rep_boot\org\springframework\spring-webmvc\5.2.6.RELEASE\spring-webmvc-5.2.6.RELEASE.jar;D:\maven\rep_boot\org\springframework\spring-aop\5.2.6.RELEASE\spring-aop-5.2.6.RELEASE.jar;D:\maven\rep_boot\org\springframework\spring-expression\5.2.6.RELEASE\spring-expression-5.2.6.RELEASE.jar;D:\maven\rep_boot\org\springframework\boot\spring-boot-starter-test\2.3.0.RELEASE\spring-boot-starter-test-2.3.0.RELEASE.jar;D:\maven\rep_boot\org\springframework\boot\spring-boot-test\2.3.0.RELEASE\spring-boot-test-2.3.0.RELEASE.jar;D:\maven\rep_boot\org\springframework\boot\spring-boot-test-autoconfigure\2.3.0.RELEASE\spring-boot-test-autoconfigure-2.3.0.RELEASE.jar;D:\maven\rep_boot\com\jayway\jsonpath\json-path\2.4.0\json-path-2.4.0.jar;D:\maven\rep_boot\net\minidev\json-smart\2.3\json-smart-2.3.jar;D:\maven\rep_boot\net\minidev\accessors-smart\1.2\accessors-smart-1.2.jar;D:\maven\rep_boot\org\ow2\asm\asm\5.0.4\asm-5.0.4.jar;D:\maven\rep_boot\org\slf4j\slf4j-api\1.7.30\slf4j-api-1.7.30.jar;D:\maven\rep_boot\jakarta\xml\bind\jakarta.xml.bind-api\2.3.3\jakarta.xml.bind-api-2.3.3.jar;D:\maven\rep_boot\jakarta\activation\jakarta.activation-api\1.2.2\jakarta.activation-api-1.2.2.jar;D:\maven\rep_boot\org\assertj\assertj-core\3.16.1\assertj-core-3.16.1.jar;D:\maven\rep_boot\org\hamcrest\hamcrest\2.2\hamcrest-2.2.jar;D:\maven\rep_boot\org\junit\jupiter\junit-jupiter\5.6.2\junit-jupiter-5.6.2.jar;D:\maven\rep_boot\org\junit\jupiter\junit-jupiter-api\5.6.2\junit-jupiter-api-5.6.2.jar;D:\maven\rep_boot\org\apiguardian\apiguardian-api\1.1.0\apiguardian-api-1.1.0.jar;D:\maven\rep_boot\org\opentest4j\opentest4j\1.2.0\opentest4j-1.2.0.jar;D:\maven\rep_boot\org\junit\platform\junit-platform-commons\1.6.2\junit-platform-commons-1.6.2.jar;D:\maven\rep_boot\org\junit\jupiter\junit-jupiter-params\5.6.2\junit-jupiter-params-5.6.2.jar;D:\maven\rep_boot\org\junit\jupiter\junit-jupiter-engine\5.6.2\junit-jupiter-engine-5.6.2.jar;D:\maven\rep_boot\org\junit\platform\junit-platform-engine\1.6.2\junit-platform-engine-1.6.2.jar;D:\maven\rep_boot\org\mockito\mockito-core\3.3.3\mockito-core-3.3.3.jar;D:\maven\rep_boot\net\bytebuddy\byte-buddy\1.10.10\byte-buddy-1.10.10.jar;D:\maven\rep_boot\net\bytebuddy\byte-buddy-agent\1.10.10\byte-buddy-agent-1.10.10.jar;D:\maven\rep_boot\org\objenesis\objenesis\2.6\objenesis-2.6.jar;D:\maven\rep_boot\org\mockito\mockito-junit-jupiter\3.3.3\mockito-junit-jupiter-3.3.3.jar;D:\maven\rep_boot\org\skyscreamer\jsonassert\1.5.0\jsonassert-1.5.0.jar;D:\maven\rep_boot\com\vaadin\external\google\android-json\0.0.20131108.vaadin1\android-json-0.0.20131108.vaadin1.jar;D:\maven\rep_boot\org\springframework\spring-core\5.2.6.RELEASE\spring-core-5.2.6.RELEASE.jar;D:\maven\rep_boot\org\springframework\spring-jcl\5.2.6.RELEASE\spring-jcl-5.2.6.RELEASE.jar;D:\maven\rep_boot\org\springframework\spring-test\5.2.6.RELEASE\spring-test-5.2.6.RELEASE.jar;D:\maven\rep_boot\org\xmlunit\xmlunit-core\2.7.0\xmlunit-core-2.7.0.jar;"/>
    <property name="java.vm.vendor" value="Oracle Corporation"/>
    <property name="sun.arch.data.model" value="64"/>
    <property name="user.variant" value=""/>
    <property name="java.vendor.url" value="http://java.oracle.com/"/>
    <property name="user.timezone" value="Asia/Shanghai"/>
    <property name="java.vm.specification.version" value="1.8"/>
    <property name="os.name" value="Windows 10"/>
    <property name="user.country" value="CN"/>
    <property name="sun.java.launcher" value="SUN_STANDARD"/>
    <property name="sun.boot.library.path" value="D:\programfiles\jdk864\jdk1.8.0_111\jre\bin"/>
    <property name="sun.java.command" value="C:\Users\朱君\AppData\Local\Temp\surefire3135471940885226887\surefirebooter8080331072934157437.jar C:\Users\朱君\AppData\Local\Temp\surefire3135471940885226887 2020-06-09T14-26-32_207-jvmRun1 surefire6858756032035615800tmp surefire_04678028818655042890tmp"/>
    <property name="surefire.test.class.path" value="D:\IDEAWorkSpace\YunJia\day02_Stringboot\target\test-classes;D:\IDEAWorkSpace\YunJia\day02_Stringboot\target\classes;D:\maven\rep_boot\org\springframework\boot\spring-boot-devtools\2.3.0.RELEASE\spring-boot-devtools-2.3.0.RELEASE.jar;D:\maven\rep_boot\org\springframework\boot\spring-boot\2.3.0.RELEASE\spring-boot-2.3.0.RELEASE.jar;D:\maven\rep_boot\org\springframework\spring-context\5.2.6.RELEASE\spring-context-5.2.6.RELEASE.jar;D:\maven\rep_boot\org\springframework\boot\spring-boot-autoconfigure\2.3.0.RELEASE\spring-boot-autoconfigure-2.3.0.RELEASE.jar;D:\maven\rep_boot\org\springframework\boot\spring-boot-starter-web\2.3.0.RELEASE\spring-boot-starter-web-2.3.0.RELEASE.jar;D:\maven\rep_boot\org\springframework\boot\spring-boot-starter\2.3.0.RELEASE\spring-boot-starter-2.3.0.RELEASE.jar;D:\maven\rep_boot\org\springframework\boot\spring-boot-starter-logging\2.3.0.RELEASE\spring-boot-starter-logging-2.3.0.RELEASE.jar;D:\maven\rep_boot\ch\qos\logback\logback-classic\1.2.3\logback-classic-1.2.3.jar;D:\maven\rep_boot\ch\qos\logback\logback-core\1.2.3\logback-core-1.2.3.jar;D:\maven\rep_boot\org\apache\logging\log4j\log4j-to-slf4j\2.13.2\log4j-to-slf4j-2.13.2.jar;D:\maven\rep_boot\org\apache\logging\log4j\log4j-api\2.13.2\log4j-api-2.13.2.jar;D:\maven\rep_boot\org\slf4j\jul-to-slf4j\1.7.30\jul-to-slf4j-1.7.30.jar;D:\maven\rep_boot\jakarta\annotation\jakarta.annotation-api\1.3.5\jakarta.annotation-api-1.3.5.jar;D:\maven\rep_boot\org\yaml\snakeyaml\1.26\snakeyaml-1.26.jar;D:\maven\rep_boot\org\springframework\boot\spring-boot-starter-json\2.3.0.RELEASE\spring-boot-starter-json-2.3.0.RELEASE.jar;D:\maven\rep_boot\com\fasterxml\jackson\core\jackson-databind\2.11.0\jackson-databind-2.11.0.jar;D:\maven\rep_boot\com\fasterxml\jackson\core\jackson-annotations\2.11.0\jackson-annotations-2.11.0.jar;D:\maven\rep_boot\com\fasterxml\jackson\core\jackson-core\2.11.0\jackson-core-2.11.0.jar;D:\maven\rep_boot\com\fasterxml\jackson\datatype\jackson-datatype-jdk8\2.11.0\jackson-datatype-jdk8-2.11.0.jar;D:\maven\rep_boot\com\fasterxml\jackson\datatype\jackson-datatype-jsr310\2.11.0\jackson-datatype-jsr310-2.11.0.jar;D:\maven\rep_boot\com\fasterxml\jackson\module\jackson-module-parameter-names\2.11.0\jackson-module-parameter-names-2.11.0.jar;D:\maven\rep_boot\org\springframework\boot\spring-boot-starter-tomcat\2.3.0.RELEASE\spring-boot-starter-tomcat-2.3.0.RELEASE.jar;D:\maven\rep_boot\org\apache\tomcat\embed\tomcat-embed-core\9.0.35\tomcat-embed-core-9.0.35.jar;D:\maven\rep_boot\org\glassfish\jakarta.el\3.0.3\jakarta.el-3.0.3.jar;D:\maven\rep_boot\org\apache\tomcat\embed\tomcat-embed-websocket\9.0.35\tomcat-embed-websocket-9.0.35.jar;D:\maven\rep_boot\org\springframework\spring-web\5.2.6.RELEASE\spring-web-5.2.6.RELEASE.jar;D:\maven\rep_boot\org\springframework\spring-beans\5.2.6.RELEASE\spring-beans-5.2.6.RELEASE.jar;D:\maven\rep_boot\org\springframework\spring-webmvc\5.2.6.RELEASE\spring-webmvc-5.2.6.RELEASE.jar;D:\maven\rep_boot\org\springframework\spring-aop\5.2.6.RELEASE\spring-aop-5.2.6.RELEASE.jar;D:\maven\rep_boot\org\springframework\spring-expression\5.2.6.RELEASE\spring-expression-5.2.6.RELEASE.jar;D:\maven\rep_boot\org\springframework\boot\spring-boot-starter-test\2.3.0.RELEASE\spring-boot-starter-test-2.3.0.RELEASE.jar;D:\maven\rep_boot\org\springframework\boot\spring-boot-test\2.3.0.RELEASE\spring-boot-test-2.3.0.RELEASE.jar;D:\maven\rep_boot\org\springframework\boot\spring-boot-test-autoconfigure\2.3.0.RELEASE\spring-boot-test-autoconfigure-2.3.0.RELEASE.jar;D:\maven\rep_boot\com\jayway\jsonpath\json-path\2.4.0\json-path-2.4.0.jar;D:\maven\rep_boot\net\minidev\json-smart\2.3\json-smart-2.3.jar;D:\maven\rep_boot\net\minidev\accessors-smart\1.2\accessors-smart-1.2.jar;D:\maven\rep_boot\org\ow2\asm\asm\5.0.4\asm-5.0.4.jar;D:\maven\rep_boot\org\slf4j\slf4j-api\1.7.30\slf4j-api-1.7.30.jar;D:\maven\rep_boot\jakarta\xml\bind\jakarta.xml.bind-api\2.3.3\jakarta.xml.bind-api-2.3.3.jar;D:\maven\rep_boot\jakarta\activation\jakarta.activation-api\1.2.2\jakarta.activation-api-1.2.2.jar;D:\maven\rep_boot\org\assertj\assertj-core\3.16.1\assertj-core-3.16.1.jar;D:\maven\rep_boot\org\hamcrest\hamcrest\2.2\hamcrest-2.2.jar;D:\maven\rep_boot\org\junit\jupiter\junit-jupiter\5.6.2\junit-jupiter-5.6.2.jar;D:\maven\rep_boot\org\junit\jupiter\junit-jupiter-api\5.6.2\junit-jupiter-api-5.6.2.jar;D:\maven\rep_boot\org\apiguardian\apiguardian-api\1.1.0\apiguardian-api-1.1.0.jar;D:\maven\rep_boot\org\opentest4j\opentest4j\1.2.0\opentest4j-1.2.0.jar;D:\maven\rep_boot\org\junit\platform\junit-platform-commons\1.6.2\junit-platform-commons-1.6.2.jar;D:\maven\rep_boot\org\junit\jupiter\junit-jupiter-params\5.6.2\junit-jupiter-params-5.6.2.jar;D:\maven\rep_boot\org\junit\jupiter\junit-jupiter-engine\5.6.2\junit-jupiter-engine-5.6.2.jar;D:\maven\rep_boot\org\junit\platform\junit-platform-engine\1.6.2\junit-platform-engine-1.6.2.jar;D:\maven\rep_boot\org\mockito\mockito-core\3.3.3\mockito-core-3.3.3.jar;D:\maven\rep_boot\net\bytebuddy\byte-buddy\1.10.10\byte-buddy-1.10.10.jar;D:\maven\rep_boot\net\bytebuddy\byte-buddy-agent\1.10.10\byte-buddy-agent-1.10.10.jar;D:\maven\rep_boot\org\objenesis\objenesis\2.6\objenesis-2.6.jar;D:\maven\rep_boot\org\mockito\mockito-junit-jupiter\3.3.3\mockito-junit-jupiter-3.3.3.jar;D:\maven\rep_boot\org\skyscreamer\jsonassert\1.5.0\jsonassert-1.5.0.jar;D:\maven\rep_boot\com\vaadin\external\google\android-json\0.0.20131108.vaadin1\android-json-0.0.20131108.vaadin1.jar;D:\maven\rep_boot\org\springframework\spring-core\5.2.6.RELEASE\spring-core-5.2.6.RELEASE.jar;D:\maven\rep_boot\org\springframework\spring-jcl\5.2.6.RELEASE\spring-jcl-5.2.6.RELEASE.jar;D:\maven\rep_boot\org\springframework\spring-test\5.2.6.RELEASE\spring-test-5.2.6.RELEASE.jar;D:\maven\rep_boot\org\xmlunit\xmlunit-core\2.7.0\xmlunit-core-2.7.0.jar;"/>
    <property name="sun.cpu.endian" value="little"/>
    <property name="user.home" value="C:\Users\朱君"/>
    <property name="user.language" value="zh"/>
    <property name="java.specification.vendor" value="Oracle Corporation"/>
    <property name="java.home" value="D:\programfiles\jdk864\jdk1.8.0_111\jre"/>
    <property name="basedir" value="D:\IDEAWorkSpace\YunJia\day02_Stringboot"/>
    <property name="file.separator" value="\"/>
    <property name="line.separator" value="&#10;"/>
    <property name="java.vm.specification.vendor" value="Oracle Corporation"/>
    <property name="java.specification.name" value="Java Platform API Specification"/>
    <property name="java.awt.graphicsenv" value="sun.awt.Win32GraphicsEnvironment"/>
    <property name="surefire.real.class.path" value="C:\Users\朱君\AppData\Local\Temp\surefire3135471940885226887\surefirebooter8080331072934157437.jar"/>
    <property name="sun.boot.class.path" value="D:\programfiles\jdk864\jdk1.8.0_111\jre\lib\resources.jar;D:\programfiles\jdk864\jdk1.8.0_111\jre\lib\rt.jar;D:\programfiles\jdk864\jdk1.8.0_111\jre\lib\sunrsasign.jar;D:\programfiles\jdk864\jdk1.8.0_111\jre\lib\jsse.jar;D:\programfiles\jdk864\jdk1.8.0_111\jre\lib\jce.jar;D:\programfiles\jdk864\jdk1.8.0_111\jre\lib\charsets.jar;D:\programfiles\jdk864\jdk1.8.0_111\jre\lib\jfr.jar;D:\programfiles\jdk864\jdk1.8.0_111\jre\classes"/>
    <property name="user.script" value=""/>
    <property name="sun.management.compiler" value="HotSpot 64-Bit Tiered Compilers"/>
    <property name="java.runtime.version" value="1.8.0_111-b14"/>
    <property name="user.name" value="朱君"/>
    <property name="path.separator" value=";"/>
    <property name="os.version" value="10.0"/>
    <property name="java.endorsed.dirs" value="D:\programfiles\jdk864\jdk1.8.0_111\jre\lib\endorsed"/>
    <property name="java.runtime.name" value="Java(TM) SE Runtime Environment"/>
    <property name="file.encoding" value="GBK"/>
    <property name="java.vm.name" value="Java HotSpot(TM) 64-Bit Server VM"/>
    <property name="localRepository" value="D:\maven\rep_boot"/>
    <property name="java.vendor.url.bug" value="http://bugreport.sun.com/bugreport/"/>
    <property name="java.io.tmpdir" value="C:\Users\朱君\AppData\Local\Temp\"/>
    <property name="java.version" value="1.8.0_111"/>
    <property name="user.dir" value="D:\IDEAWorkSpace\YunJia\day02_Stringboot"/>
    <property name="os.arch" value="amd64"/>
    <property name="java.vm.specification.name" value="Java Virtual Machine Specification"/>
    <property name="java.awt.printerjob" value="sun.awt.windows.WPrinterJob"/>
    <property name="sun.os.patch.level" value=""/>
    <property name="idea.version2019.3.3" value="true"/>
    <property name="java.library.path" value="D:\programfiles\jdk864\jdk1.8.0_111\jre\bin;C:\WINDOWS\Sun\Java\bin;C:\WINDOWS\system32;C:\WINDOWS;C:\Windows\system32;C:\Windows;C:\Windows\System32\Wbem;C:\Windows\System32\WindowsPowerShell\v1.0\;C:\Program Files (x86)\NVIDIA Corporation\PhysX\Common;C:\WINDOWS\system32;C:\WINDOWS;C:\WINDOWS\System32\Wbem;C:\WINDOWS\System32\WindowsPowerShell\v1.0\;C:\WINDOWS\System32\OpenSSH\;C:\Program Files (x86)\Intel\Intel(R) Management Engine Components\DAL;C:\Program Files\Intel\Intel(R) Management Engine Components\DAL;D:\programfiles\jdk864\jdk1.8.0_111\bin;D:\tomcat9\lib;D:\tomcat9\bin;D:\maven\apache-maven-3.5.2\bin;D:\mysql\mysql_20160908\bin;C:\Users\朱君\AppData\Local\Microsoft\WindowsApps;;D:\altera\13.1\modelsim_ase\win32aloem;D:\altera\13.1s\modelsim_ase\win32aloem;."/>
    <property name="java.vm.info" value="mixed mode"/>
    <property name="java.vendor" value="Oracle Corporation"/>
    <property name="java.vm.version" value="25.111-b14"/>
    <property name="java.ext.dirs" value="D:\programfiles\jdk864\jdk1.8.0_111\jre\lib\ext;C:\WINDOWS\Sun\Java\lib\ext"/>
    <property name="sun.io.unicode.encoding" value="UnicodeLittle"/>
    <property name="maven.repo.local" value="D:\maven\rep_boot"/>
    <property name="java.class.version" value="52.0"/>
  </properties>
  <testcase name="contextLoads" classname="com.hp.Day02StringbootApplicationTests" time="0.329"/>
</testsuite>